<?xml version="1.0" encoding="UTF-8"?>
<robot generator="Robot 6.1.1 (Python 3.12.0 on win32)" generated="20231120 18:54:45.069" rpa="false" schemaversion="4">
<suite id="s1" name="Tests" source="C:\Users\seppo\Documents\HY\Ohjelmistotuotanto\palautukset\palautusrepositorio\viikko3\web-login\src\tests">
<suite id="s1-s1" name="Home" source="C:\Users\seppo\Documents\HY\Ohjelmistotuotanto\palautukset\palautusrepositorio\viikko3\web-login\src\tests\home.robot">
<kw name="Open And Configure Browser" library="resource" type="SETUP">
<kw name="Evaluate" library="BuiltIn">
<var>${options}</var>
<arg>sys.modules['selenium.webdriver'].FirefoxOptions()</arg>
<arg>sys</arg>
<doc>Evaluates the given expression in Python and returns the result.</doc>
<msg timestamp="20231120 18:54:47.481" level="INFO">${options} = &lt;selenium.webdriver.firefox.options.Options object at 0x0000025E33868200&gt;</msg>
<status status="PASS" starttime="20231120 18:54:47.481" endtime="20231120 18:54:47.481"/>
</kw>
<kw name="Call Method" library="BuiltIn">
<arg>${options}</arg>
<arg>add_argument</arg>
<arg>--no-sandbox</arg>
<doc>Calls the named method of the given object with the provided arguments.</doc>
<status status="PASS" starttime="20231120 18:54:47.481" endtime="20231120 18:54:47.482"/>
</kw>
<kw name="Open Browser" library="SeleniumLibrary">
<arg>browser=chrome</arg>
<arg>options=${options}</arg>
<doc>Opens a new browser instance to the optional ``url``.</doc>
<msg timestamp="20231120 18:54:47.482" level="INFO">Opening browser 'chrome' to base url 'None'.</msg>
<status status="PASS" starttime="20231120 18:54:47.482" endtime="20231120 18:54:56.106"/>
</kw>
<kw name="Set Selenium Speed" library="SeleniumLibrary">
<arg>${DELAY}</arg>
<doc>Sets the delay that is waited after each Selenium command.</doc>
<status status="PASS" starttime="20231120 18:54:56.106" endtime="20231120 18:54:56.107"/>
</kw>
<status status="PASS" starttime="20231120 18:54:47.481" endtime="20231120 18:54:56.107"/>
</kw>
<test id="s1-s1-t1" name="Click Login Link" line="8">
<kw name="Go To Starting Page" library="resource" type="SETUP">
<kw name="Go To" library="SeleniumLibrary">
<arg>${HOME_URL}</arg>
<doc>Navigates the current browser window to the provided ``url``.</doc>
<msg timestamp="20231120 18:54:56.109" level="INFO">Opening url 'http://localhost:5001'</msg>
<status status="PASS" starttime="20231120 18:54:56.109" endtime="20231120 18:54:56.793"/>
</kw>
<status status="PASS" starttime="20231120 18:54:56.108" endtime="20231120 18:54:56.793"/>
</kw>
<kw name="Click Link" library="SeleniumLibrary">
<arg>Login</arg>
<doc>Clicks a link identified by ``locator``.</doc>
<msg timestamp="20231120 18:54:56.796" level="INFO">Clicking link 'Login'.</msg>
<status status="PASS" starttime="20231120 18:54:56.794" endtime="20231120 18:54:58.438"/>
</kw>
<kw name="Login Page Should Be Open" library="resource">
<kw name="Title Should Be" library="SeleniumLibrary">
<arg>Login</arg>
<doc>Verifies that the current page title equals ``title``.</doc>
<msg timestamp="20231120 18:54:58.943" level="INFO">Page title is 'Login'.</msg>
<status status="PASS" starttime="20231120 18:54:58.439" endtime="20231120 18:54:58.943"/>
</kw>
<status status="PASS" starttime="20231120 18:54:58.438" endtime="20231120 18:54:58.943"/>
</kw>
<status status="PASS" starttime="20231120 18:54:56.107" endtime="20231120 18:54:58.944"/>
</test>
<test id="s1-s1-t2" name="Click Register Link" line="12">
<kw name="Go To Starting Page" library="resource" type="SETUP">
<kw name="Go To" library="SeleniumLibrary">
<arg>${HOME_URL}</arg>
<doc>Navigates the current browser window to the provided ``url``.</doc>
<msg timestamp="20231120 18:54:58.946" level="INFO">Opening url 'http://localhost:5001'</msg>
<status status="PASS" starttime="20231120 18:54:58.946" endtime="20231120 18:54:59.486"/>
</kw>
<status status="PASS" starttime="20231120 18:54:58.945" endtime="20231120 18:54:59.486"/>
</kw>
<kw name="Click Link" library="SeleniumLibrary">
<arg>Register new user</arg>
<doc>Clicks a link identified by ``locator``.</doc>
<msg timestamp="20231120 18:54:59.487" level="INFO">Clicking link 'Register new user'.</msg>
<status status="PASS" starttime="20231120 18:54:59.487" endtime="20231120 18:55:01.047"/>
</kw>
<kw name="Register Page Should be Open" library="resource">
<kw name="Title Should Be" library="SeleniumLibrary">
<arg>Register</arg>
<doc>Verifies that the current page title equals ``title``.</doc>
<msg timestamp="20231120 18:55:01.551" level="INFO">Page title is 'Register'.</msg>
<status status="PASS" starttime="20231120 18:55:01.048" endtime="20231120 18:55:01.551"/>
</kw>
<status status="PASS" starttime="20231120 18:55:01.047" endtime="20231120 18:55:01.551"/>
</kw>
<status status="PASS" starttime="20231120 18:54:58.945" endtime="20231120 18:55:01.551"/>
</test>
<kw name="Close Browser" library="SeleniumLibrary" type="TEARDOWN">
<doc>Closes the current browser.</doc>
<status status="PASS" starttime="20231120 18:55:01.553" endtime="20231120 18:55:05.514"/>
</kw>
<status status="PASS" starttime="20231120 18:54:45.097" endtime="20231120 18:55:05.514"/>
</suite>
<suite id="s1-s2" name="Login" source="C:\Users\seppo\Documents\HY\Ohjelmistotuotanto\palautukset\palautusrepositorio\viikko3\web-login\src\tests\login.robot">
<kw name="Open And Configure Browser" library="resource" type="SETUP">
<kw name="Evaluate" library="BuiltIn">
<var>${options}</var>
<arg>sys.modules['selenium.webdriver'].FirefoxOptions()</arg>
<arg>sys</arg>
<doc>Evaluates the given expression in Python and returns the result.</doc>
<msg timestamp="20231120 18:55:05.522" level="INFO">${options} = &lt;selenium.webdriver.firefox.options.Options object at 0x0000025E3388D0A0&gt;</msg>
<status status="PASS" starttime="20231120 18:55:05.522" endtime="20231120 18:55:05.522"/>
</kw>
<kw name="Call Method" library="BuiltIn">
<arg>${options}</arg>
<arg>add_argument</arg>
<arg>--no-sandbox</arg>
<doc>Calls the named method of the given object with the provided arguments.</doc>
<status status="PASS" starttime="20231120 18:55:05.523" endtime="20231120 18:55:05.523"/>
</kw>
<kw name="Open Browser" library="SeleniumLibrary">
<arg>browser=chrome</arg>
<arg>options=${options}</arg>
<doc>Opens a new browser instance to the optional ``url``.</doc>
<msg timestamp="20231120 18:55:05.523" level="INFO">Opening browser 'chrome' to base url 'None'.</msg>
<status status="PASS" starttime="20231120 18:55:05.523" endtime="20231120 18:55:13.325"/>
</kw>
<kw name="Set Selenium Speed" library="SeleniumLibrary">
<arg>${DELAY}</arg>
<doc>Sets the delay that is waited after each Selenium command.</doc>
<status status="PASS" starttime="20231120 18:55:13.325" endtime="20231120 18:55:13.325"/>
</kw>
<status status="PASS" starttime="20231120 18:55:05.522" endtime="20231120 18:55:13.325"/>
</kw>
<test id="s1-s2-t1" name="Login With Correct Credentials" line="8">
<kw name="Create User And Go To Login Page" type="SETUP">
<kw name="Create User" library="AppLibrary">
<arg>kalle</arg>
<arg>kalle123</arg>
<status status="PASS" starttime="20231120 18:55:13.327" endtime="20231120 18:55:19.427"/>
</kw>
<kw name="Go To Login Page" library="resource">
<kw name="Go To" library="SeleniumLibrary">
<arg>${LOGIN_URL}</arg>
<doc>Navigates the current browser window to the provided ``url``.</doc>
<msg timestamp="20231120 18:55:19.428" level="INFO">Opening url 'http://localhost:5001/login'</msg>
<status status="PASS" starttime="20231120 18:55:19.428" endtime="20231120 18:55:20.002"/>
</kw>
<status status="PASS" starttime="20231120 18:55:19.427" endtime="20231120 18:55:20.002"/>
</kw>
<kw name="Login Page Should Be Open" library="resource">
<kw name="Title Should Be" library="SeleniumLibrary">
<arg>Login</arg>
<doc>Verifies that the current page title equals ``title``.</doc>
<msg timestamp="20231120 18:55:20.506" level="INFO">Page title is 'Login'.</msg>
<status status="PASS" starttime="20231120 18:55:20.002" endtime="20231120 18:55:20.506"/>
</kw>
<status status="PASS" starttime="20231120 18:55:20.002" endtime="20231120 18:55:20.506"/>
</kw>
<status status="PASS" starttime="20231120 18:55:13.327" endtime="20231120 18:55:20.506"/>
</kw>
<kw name="Set Username">
<arg>kalle</arg>
<kw name="Input Text" library="SeleniumLibrary">
<arg>username</arg>
<arg>${username}</arg>
<doc>Types the given ``text`` into the text field identified by ``locator``.</doc>
<msg timestamp="20231120 18:55:20.507" level="INFO">Typing text 'kalle' into text field 'username'.</msg>
<status status="PASS" starttime="20231120 18:55:20.506" endtime="20231120 18:55:22.110"/>
</kw>
<status status="PASS" starttime="20231120 18:55:20.506" endtime="20231120 18:55:22.110"/>
</kw>
<kw name="Set Password">
<arg>kalle123</arg>
<kw name="Input Password" library="SeleniumLibrary">
<arg>password</arg>
<arg>${password}</arg>
<doc>Types the given password into the text field identified by ``locator``.</doc>
<msg timestamp="20231120 18:55:22.111" level="INFO">Typing password into text field 'password'.</msg>
<msg timestamp="20231120 18:55:23.121" level="INFO">Temporally setting log level to: NONE</msg>
<msg timestamp="20231120 18:55:23.631" level="INFO">Log level changed from NONE to INFO.</msg>
<status status="PASS" starttime="20231120 18:55:22.111" endtime="20231120 18:55:23.631"/>
</kw>
<status status="PASS" starttime="20231120 18:55:22.110" endtime="20231120 18:55:23.631"/>
</kw>
<kw name="Submit Credentials">
<kw name="Click Button" library="SeleniumLibrary">
<arg>Login</arg>
<doc>Clicks the button identified by ``locator``.</doc>
<msg timestamp="20231120 18:55:23.632" level="INFO">Clicking button 'Login'.</msg>
<status status="PASS" starttime="20231120 18:55:23.632" endtime="20231120 18:55:25.699"/>
</kw>
<status status="PASS" starttime="20231120 18:55:23.631" endtime="20231120 18:55:25.699"/>
</kw>
<kw name="Login Should Succeed">
<kw name="Main Page Should Be Open" library="resource">
<kw name="Title Should Be" library="SeleniumLibrary">
<arg>Ohtu Application main page</arg>
<doc>Verifies that the current page title equals ``title``.</doc>
<msg timestamp="20231120 18:55:26.203" level="INFO">Page title is 'Ohtu Application main page'.</msg>
<status status="PASS" starttime="20231120 18:55:25.700" endtime="20231120 18:55:26.203"/>
</kw>
<status status="PASS" starttime="20231120 18:55:25.700" endtime="20231120 18:55:26.203"/>
</kw>
<status status="PASS" starttime="20231120 18:55:25.700" endtime="20231120 18:55:26.203"/>
</kw>
<status status="PASS" starttime="20231120 18:55:13.327" endtime="20231120 18:55:26.204"/>
</test>
<test id="s1-s2-t2" name="Login With Incorrect Password" line="14">
<kw name="Create User And Go To Login Page" type="SETUP">
<kw name="Create User" library="AppLibrary">
<arg>kalle</arg>
<arg>kalle123</arg>
<status status="PASS" starttime="20231120 18:55:26.206" endtime="20231120 18:55:32.281"/>
</kw>
<kw name="Go To Login Page" library="resource">
<kw name="Go To" library="SeleniumLibrary">
<arg>${LOGIN_URL}</arg>
<doc>Navigates the current browser window to the provided ``url``.</doc>
<msg timestamp="20231120 18:55:32.282" level="INFO">Opening url 'http://localhost:5001/login'</msg>
<status status="PASS" starttime="20231120 18:55:32.282" endtime="20231120 18:55:32.817"/>
</kw>
<status status="PASS" starttime="20231120 18:55:32.281" endtime="20231120 18:55:32.817"/>
</kw>
<kw name="Login Page Should Be Open" library="resource">
<kw name="Title Should Be" library="SeleniumLibrary">
<arg>Login</arg>
<doc>Verifies that the current page title equals ``title``.</doc>
<msg timestamp="20231120 18:55:33.320" level="INFO">Page title is 'Login'.</msg>
<status status="PASS" starttime="20231120 18:55:32.817" endtime="20231120 18:55:33.320"/>
</kw>
<status status="PASS" starttime="20231120 18:55:32.817" endtime="20231120 18:55:33.320"/>
</kw>
<status status="PASS" starttime="20231120 18:55:26.206" endtime="20231120 18:55:33.320"/>
</kw>
<kw name="Set Username">
<arg>kalle</arg>
<kw name="Input Text" library="SeleniumLibrary">
<arg>username</arg>
<arg>${username}</arg>
<doc>Types the given ``text`` into the text field identified by ``locator``.</doc>
<msg timestamp="20231120 18:55:33.321" level="INFO">Typing text 'kalle' into text field 'username'.</msg>
<status status="PASS" starttime="20231120 18:55:33.320" endtime="20231120 18:55:34.849"/>
</kw>
<status status="PASS" starttime="20231120 18:55:33.320" endtime="20231120 18:55:34.849"/>
</kw>
<kw name="Set Password">
<arg>kalle456</arg>
<kw name="Input Password" library="SeleniumLibrary">
<arg>password</arg>
<arg>${password}</arg>
<doc>Types the given password into the text field identified by ``locator``.</doc>
<msg timestamp="20231120 18:55:34.850" level="INFO">Typing password into text field 'password'.</msg>
<msg timestamp="20231120 18:55:35.859" level="INFO">Temporally setting log level to: NONE</msg>
<msg timestamp="20231120 18:55:36.368" level="INFO">Log level changed from NONE to INFO.</msg>
<status status="PASS" starttime="20231120 18:55:34.850" endtime="20231120 18:55:36.368"/>
</kw>
<status status="PASS" starttime="20231120 18:55:34.849" endtime="20231120 18:55:36.368"/>
</kw>
<kw name="Submit Credentials">
<kw name="Click Button" library="SeleniumLibrary">
<arg>Login</arg>
<doc>Clicks the button identified by ``locator``.</doc>
<msg timestamp="20231120 18:55:36.369" level="INFO">Clicking button 'Login'.</msg>
<status status="PASS" starttime="20231120 18:55:36.369" endtime="20231120 18:55:38.420"/>
</kw>
<status status="PASS" starttime="20231120 18:55:36.369" endtime="20231120 18:55:38.420"/>
</kw>
<kw name="Login Should Fail With Message">
<arg>Invalid username or password</arg>
<kw name="Login Page Should Be Open" library="resource">
<kw name="Title Should Be" library="SeleniumLibrary">
<arg>Login</arg>
<doc>Verifies that the current page title equals ``title``.</doc>
<msg timestamp="20231120 18:55:38.924" level="INFO">Page title is 'Login'.</msg>
<status status="PASS" starttime="20231120 18:55:38.421" endtime="20231120 18:55:38.924"/>
</kw>
<status status="PASS" starttime="20231120 18:55:38.421" endtime="20231120 18:55:38.924"/>
</kw>
<kw name="Page Should Contain" library="SeleniumLibrary">
<arg>${message}</arg>
<doc>Verifies that current page contains ``text``.</doc>
<msg timestamp="20231120 18:55:39.932" level="INFO">Current page contains text 'Invalid username or password'.</msg>
<status status="PASS" starttime="20231120 18:55:38.924" endtime="20231120 18:55:39.932"/>
</kw>
<status status="PASS" starttime="20231120 18:55:38.420" endtime="20231120 18:55:39.932"/>
</kw>
<status status="PASS" starttime="20231120 18:55:26.205" endtime="20231120 18:55:39.932"/>
</test>
<test id="s1-s2-t3" name="Login With Nonexistent Username" line="20">
<kw name="Create User And Go To Login Page" type="SETUP">
<kw name="Create User" library="AppLibrary">
<arg>kalle</arg>
<arg>kalle123</arg>
<status status="PASS" starttime="20231120 18:55:39.935" endtime="20231120 18:55:46.012"/>
</kw>
<kw name="Go To Login Page" library="resource">
<kw name="Go To" library="SeleniumLibrary">
<arg>${LOGIN_URL}</arg>
<doc>Navigates the current browser window to the provided ``url``.</doc>
<msg timestamp="20231120 18:55:46.012" level="INFO">Opening url 'http://localhost:5001/login'</msg>
<status status="PASS" starttime="20231120 18:55:46.012" endtime="20231120 18:55:46.545"/>
</kw>
<status status="PASS" starttime="20231120 18:55:46.012" endtime="20231120 18:55:46.545"/>
</kw>
<kw name="Login Page Should Be Open" library="resource">
<kw name="Title Should Be" library="SeleniumLibrary">
<arg>Login</arg>
<doc>Verifies that the current page title equals ``title``.</doc>
<msg timestamp="20231120 18:55:47.049" level="INFO">Page title is 'Login'.</msg>
<status status="PASS" starttime="20231120 18:55:46.545" endtime="20231120 18:55:47.049"/>
</kw>
<status status="PASS" starttime="20231120 18:55:46.545" endtime="20231120 18:55:47.049"/>
</kw>
<status status="PASS" starttime="20231120 18:55:39.934" endtime="20231120 18:55:47.049"/>
</kw>
<kw name="Set Username">
<arg>kalle2</arg>
<kw name="Input Text" library="SeleniumLibrary">
<arg>username</arg>
<arg>${username}</arg>
<doc>Types the given ``text`` into the text field identified by ``locator``.</doc>
<msg timestamp="20231120 18:55:47.050" level="INFO">Typing text 'kalle2' into text field 'username'.</msg>
<status status="PASS" starttime="20231120 18:55:47.050" endtime="20231120 18:55:48.579"/>
</kw>
<status status="PASS" starttime="20231120 18:55:47.049" endtime="20231120 18:55:48.579"/>
</kw>
<kw name="Set Password">
<arg>kalle456</arg>
<kw name="Input Password" library="SeleniumLibrary">
<arg>password</arg>
<arg>${password}</arg>
<doc>Types the given password into the text field identified by ``locator``.</doc>
<msg timestamp="20231120 18:55:48.580" level="INFO">Typing password into text field 'password'.</msg>
<msg timestamp="20231120 18:55:49.589" level="INFO">Temporally setting log level to: NONE</msg>
<msg timestamp="20231120 18:55:50.099" level="INFO">Log level changed from NONE to INFO.</msg>
<status status="PASS" starttime="20231120 18:55:48.580" endtime="20231120 18:55:50.099"/>
</kw>
<status status="PASS" starttime="20231120 18:55:48.579" endtime="20231120 18:55:50.099"/>
</kw>
<kw name="Submit Credentials">
<kw name="Click Button" library="SeleniumLibrary">
<arg>Login</arg>
<doc>Clicks the button identified by ``locator``.</doc>
<msg timestamp="20231120 18:55:50.100" level="INFO">Clicking button 'Login'.</msg>
<status status="PASS" starttime="20231120 18:55:50.099" endtime="20231120 18:55:52.150"/>
</kw>
<status status="PASS" starttime="20231120 18:55:50.099" endtime="20231120 18:55:52.150"/>
</kw>
<kw name="Login Should Fail With Message">
<arg>Invalid username or password</arg>
<kw name="Login Page Should Be Open" library="resource">
<kw name="Title Should Be" library="SeleniumLibrary">
<arg>Login</arg>
<doc>Verifies that the current page title equals ``title``.</doc>
<msg timestamp="20231120 18:55:52.654" level="INFO">Page title is 'Login'.</msg>
<status status="PASS" starttime="20231120 18:55:52.152" endtime="20231120 18:55:52.654"/>
</kw>
<status status="PASS" starttime="20231120 18:55:52.151" endtime="20231120 18:55:52.654"/>
</kw>
<kw name="Page Should Contain" library="SeleniumLibrary">
<arg>${message}</arg>
<doc>Verifies that current page contains ``text``.</doc>
<msg timestamp="20231120 18:55:53.664" level="INFO">Current page contains text 'Invalid username or password'.</msg>
<status status="PASS" starttime="20231120 18:55:52.654" endtime="20231120 18:55:53.664"/>
</kw>
<status status="PASS" starttime="20231120 18:55:52.151" endtime="20231120 18:55:53.664"/>
</kw>
<status status="PASS" starttime="20231120 18:55:39.934" endtime="20231120 18:55:53.664"/>
</test>
<kw name="Close Browser" library="SeleniumLibrary" type="TEARDOWN">
<doc>Closes the current browser.</doc>
<status status="PASS" starttime="20231120 18:55:53.665" endtime="20231120 18:55:57.366"/>
</kw>
<status status="PASS" starttime="20231120 18:55:05.516" endtime="20231120 18:55:57.366"/>
</suite>
<status status="PASS" starttime="20231120 18:54:45.071" endtime="20231120 18:55:57.369"/>
</suite>
<statistics>
<total>
<stat pass="5" fail="0" skip="0">All Tests</stat>
</total>
<tag>
</tag>
<suite>
<stat pass="5" fail="0" skip="0" id="s1" name="Tests">Tests</stat>
<stat pass="2" fail="0" skip="0" id="s1-s1" name="Home">Tests.Home</stat>
<stat pass="3" fail="0" skip="0" id="s1-s2" name="Login">Tests.Login</stat>
</suite>
</statistics>
<errors>
</errors>
</robot>
