<?xml version="1.0" encoding="UTF-8"?>
<robot generator="Robot 6.1.1 (Python 3.12.0 on win32)" generated="20231120 20:52:51.173" rpa="false" schemaversion="4">
<suite id="s1" name="Register" source="C:\Users\seppo\Documents\HY\Ohjelmistotuotanto\palautukset\palautusrepositorio\viikko3\web-login\src\tests\register.robot">
<kw name="Open And Configure Browser" library="resource" type="SETUP">
<kw name="Evaluate" library="BuiltIn">
<var>${options}</var>
<arg>sys.modules['selenium.webdriver'].FirefoxOptions()</arg>
<arg>sys</arg>
<doc>Evaluates the given expression in Python and returns the result.</doc>
<msg timestamp="20231120 20:52:54.113" level="INFO">${options} = &lt;selenium.webdriver.firefox.options.Options object at 0x0000022357594710&gt;</msg>
<status status="PASS" starttime="20231120 20:52:54.113" endtime="20231120 20:52:54.113"/>
</kw>
<kw name="Call Method" library="BuiltIn">
<arg>${options}</arg>
<arg>add_argument</arg>
<arg>--no-sandbox</arg>
<doc>Calls the named method of the given object with the provided arguments.</doc>
<status status="PASS" starttime="20231120 20:52:54.113" endtime="20231120 20:52:54.114"/>
</kw>
<kw name="Call Method" library="BuiltIn">
<arg>${options}</arg>
<arg>add_argument</arg>
<arg>--headless</arg>
<doc>Calls the named method of the given object with the provided arguments.</doc>
<status status="PASS" starttime="20231120 20:52:54.114" endtime="20231120 20:52:54.114"/>
</kw>
<kw name="Open Browser" library="SeleniumLibrary">
<arg>browser=chrome</arg>
<arg>options=${options}</arg>
<doc>Opens a new browser instance to the optional ``url``.</doc>
<msg timestamp="20231120 20:52:54.114" level="INFO">Opening browser 'chrome' to base url 'None'.</msg>
<status status="PASS" starttime="20231120 20:52:54.114" endtime="20231120 20:53:02.043"/>
</kw>
<kw name="Set Selenium Speed" library="SeleniumLibrary">
<arg>${DELAY}</arg>
<doc>Sets the delay that is waited after each Selenium command.</doc>
<status status="PASS" starttime="20231120 20:53:02.044" endtime="20231120 20:53:02.045"/>
</kw>
<status status="PASS" starttime="20231120 20:52:54.112" endtime="20231120 20:53:02.045"/>
</kw>
<test id="s1-t1" name="Register With Nonmatching Password And Password Confirmation" line="37">
<kw name="Go To Register Page" library="resource" type="SETUP">
<kw name="Go To" library="SeleniumLibrary">
<arg>${REGISTER_URL}</arg>
<doc>Navigates the current browser window to the provided ``url``.</doc>
<msg timestamp="20231120 20:53:02.050" level="INFO">Opening url 'http://localhost:5001/register'</msg>
<status status="PASS" starttime="20231120 20:53:02.049" endtime="20231120 20:53:02.405"/>
</kw>
<status status="PASS" starttime="20231120 20:53:02.048" endtime="20231120 20:53:02.406"/>
</kw>
<kw name="Set Username" library="resource">
<arg>${USERNAME}</arg>
<kw name="Input Text" library="SeleniumLibrary">
<arg>username</arg>
<arg>${username}</arg>
<doc>Types the given ``text`` into the text field identified by ``locator``.</doc>
<msg timestamp="20231120 20:53:02.413" level="INFO">Typing text 'kalle' into text field 'username'.</msg>
<status status="PASS" starttime="20231120 20:53:02.409" endtime="20231120 20:53:02.884"/>
</kw>
<status status="PASS" starttime="20231120 20:53:02.407" endtime="20231120 20:53:02.885"/>
</kw>
<kw name="Set Password" library="resource">
<arg>${PASSWORD}</arg>
<kw name="Input Password" library="SeleniumLibrary">
<arg>password</arg>
<arg>${password}</arg>
<doc>Types the given password into the text field identified by ``locator``.</doc>
<msg timestamp="20231120 20:53:02.889" level="INFO">Typing password into text field 'password'.</msg>
<msg timestamp="20231120 20:53:02.984" level="INFO">Temporally setting log level to: NONE</msg>
<msg timestamp="20231120 20:53:03.020" level="INFO">Log level changed from NONE to INFO.</msg>
<status status="PASS" starttime="20231120 20:53:02.887" endtime="20231120 20:53:03.021"/>
</kw>
<status status="PASS" starttime="20231120 20:53:02.886" endtime="20231120 20:53:03.021"/>
</kw>
<kw name="Set Password Confirmation">
<arg>${PASSWORD2}</arg>
<kw name="Input Text" library="SeleniumLibrary">
<arg>password_confirmation</arg>
<arg>${password}</arg>
<doc>Types the given ``text`` into the text field identified by ``locator``.</doc>
<msg timestamp="20231120 20:53:03.025" level="INFO">Typing text 'kalle223' into text field 'password_confirmation'.</msg>
<status status="PASS" starttime="20231120 20:53:03.023" endtime="20231120 20:53:03.095"/>
</kw>
<status status="PASS" starttime="20231120 20:53:03.022" endtime="20231120 20:53:03.096"/>
</kw>
<kw name="Submit Register">
<kw name="Click Button" library="SeleniumLibrary">
<arg>Register</arg>
<doc>Clicks the button identified by ``locator``.</doc>
<msg timestamp="20231120 20:53:03.104" level="INFO">Clicking button 'Register'.</msg>
<status status="PASS" starttime="20231120 20:53:03.101" endtime="20231120 20:53:03.348"/>
</kw>
<status status="PASS" starttime="20231120 20:53:03.100" endtime="20231120 20:53:03.349"/>
</kw>
<kw name="Register Should Fail">
<kw name="Register Page Should be Open" library="resource">
<kw name="Title Should Be" library="SeleniumLibrary">
<arg>Register</arg>
<doc>Verifies that the current page title equals ``title``.</doc>
<msg timestamp="20231120 20:53:03.361" level="INFO">Page title is 'Register'.</msg>
<status status="PASS" starttime="20231120 20:53:03.353" endtime="20231120 20:53:03.361"/>
</kw>
<status status="PASS" starttime="20231120 20:53:03.352" endtime="20231120 20:53:03.361"/>
</kw>
<status status="PASS" starttime="20231120 20:53:03.350" endtime="20231120 20:53:03.361"/>
</kw>
<status status="PASS" starttime="20231120 20:53:02.045" endtime="20231120 20:53:03.363"/>
</test>
<kw name="Close Browser" library="SeleniumLibrary" type="TEARDOWN">
<doc>Closes the current browser.</doc>
<status status="PASS" starttime="20231120 20:53:03.369" endtime="20231120 20:53:07.995"/>
</kw>
<status status="PASS" starttime="20231120 20:52:51.176" endtime="20231120 20:53:07.995"/>
</suite>
<statistics>
<total>
<stat pass="1" fail="0" skip="0">All Tests</stat>
</total>
<tag>
</tag>
<suite>
<stat pass="1" fail="0" skip="0" id="s1" name="Register">Register</stat>
</suite>
</statistics>
<errors>
</errors>
</robot>
