<?xml version="1.0" encoding="UTF-8"?>
<robot generator="Robot 6.1.1 (Python 3.12.0 on win32)" generated="20231114 15:58:20.857" rpa="false" schemaversion="4">
<suite id="s1" name="Tests" source="C:\Users\seppo\Documents\HY\Ohjelmistotuotanto\palautukset\palautusrepositorio\viikko3\login-robot\src\tests">
<suite id="s1-s1" name="Login" source="C:\Users\seppo\Documents\HY\Ohjelmistotuotanto\palautukset\palautusrepositorio\viikko3\login-robot\src\tests\login.robot">
<test id="s1-s1-t1" name="Login With Correct Credentials" line="6">
<kw name="Create User And Input Login Command" type="SETUP">
<kw name="Create User" library="AppLibrary">
<arg>kalle</arg>
<arg>kalle123</arg>
<msg timestamp="20231114 15:58:26.551" level="FAIL">BdbQuit</msg>
<status status="FAIL" starttime="20231114 15:58:20.886" endtime="20231114 15:58:26.553"/>
</kw>
<kw name="Input Login Command" library="resource">
<status status="NOT RUN" starttime="20231114 15:58:26.553" endtime="20231114 15:58:26.553"/>
</kw>
<status status="FAIL" starttime="20231114 15:58:20.886" endtime="20231114 15:58:26.553"/>
</kw>
<status status="FAIL" starttime="20231114 15:58:20.885" endtime="20231114 15:58:26.554">Setup failed:
BdbQuit</status>
</test>
<test id="s1-s1-t2" name="Login With Incorrect password" line="10">
<kw name="Create User And Input Login Command" type="SETUP">
<kw name="Create User" library="AppLibrary">
<arg>kalle</arg>
<arg>kalle123</arg>
<msg timestamp="20231114 17:05:10.860" level="FAIL">BdbQuit</msg>
<status status="FAIL" starttime="20231114 15:58:26.557" endtime="20231114 17:05:10.861"/>
</kw>
<kw name="Input Login Command" library="resource">
<status status="NOT RUN" starttime="20231114 17:05:10.861" endtime="20231114 17:05:10.861"/>
</kw>
<status status="FAIL" starttime="20231114 15:58:26.556" endtime="20231114 17:05:10.861"/>
</kw>
<status status="FAIL" starttime="20231114 15:58:26.556" endtime="20231114 17:05:10.862">Setup failed:
BdbQuit</status>
</test>
<test id="s1-s1-t3" name="Login With Nonexistent Username" line="14">
<kw name="Create User And Input Login Command" type="SETUP">
<kw name="Create User" library="AppLibrary">
<arg>kalle</arg>
<arg>kalle123</arg>
<msg timestamp="20231114 17:05:17.923" level="FAIL">BdbQuit</msg>
<status status="FAIL" starttime="20231114 17:05:10.865" endtime="20231114 17:05:17.923"/>
</kw>
<kw name="Input Login Command" library="resource">
<status status="NOT RUN" starttime="20231114 17:05:17.923" endtime="20231114 17:05:17.923"/>
</kw>
<status status="FAIL" starttime="20231114 17:05:10.865" endtime="20231114 17:05:17.923"/>
</kw>
<status status="FAIL" starttime="20231114 17:05:10.864" endtime="20231114 17:05:17.924">Setup failed:
BdbQuit</status>
</test>
<status status="FAIL" starttime="20231114 15:58:20.872" endtime="20231114 17:05:17.927"/>
</suite>
<suite id="s1-s2" name="Register" source="C:\Users\seppo\Documents\HY\Ohjelmistotuotanto\palautukset\palautusrepositorio\viikko3\login-robot\src\tests\register.robot">
<test id="s1-s2-t1" name="Register With Valid Username And Password" line="6">
<kw name="Input New Command" library="resource">
<kw name="Input" library="AppLibrary">
<arg>new</arg>
<status status="PASS" starttime="20231114 17:05:17.934" endtime="20231114 17:05:17.934"/>
</kw>
<status status="PASS" starttime="20231114 17:05:17.934" endtime="20231114 17:05:17.934"/>
</kw>
<kw name="Input Credentials" library="resource">
<arg>dummy</arg>
<arg>pass1234</arg>
<kw name="Input" library="AppLibrary">
<arg>${username}</arg>
<status status="PASS" starttime="20231114 17:05:17.935" endtime="20231114 17:05:17.935"/>
</kw>
<kw name="Input" library="AppLibrary">
<arg>${password}</arg>
<status status="PASS" starttime="20231114 17:05:17.935" endtime="20231114 17:05:17.936"/>
</kw>
<kw name="Run Application" library="AppLibrary">
<status status="PASS" starttime="20231114 17:05:17.936" endtime="20231114 17:05:20.151"/>
</kw>
<status status="PASS" starttime="20231114 17:05:17.935" endtime="20231114 17:05:20.152"/>
</kw>
<kw name="Output Should Contain" library="AppLibrary">
<arg>New user registered</arg>
<status status="FAIL" starttime="20231114 17:05:20.152" endtime="20231114 17:05:20.153"/>
</kw>
<status status="FAIL" starttime="20231114 17:05:17.933" endtime="20231114 17:05:20.153">Execution terminated by signal</status>
</test>
<test id="s1-s2-t2" name="Register With Already Taken Username And Valid Password" line="11">
<tag>robot:exit</tag>
<status status="FAIL" starttime="20231114 17:05:20.156" endtime="20231114 17:05:20.156">Test execution stopped due to a fatal error.</status>
</test>
<test id="s1-s2-t3" name="Register With Too Short Username And Valid Password" line="17">
<tag>robot:exit</tag>
<status status="FAIL" starttime="20231114 17:05:20.159" endtime="20231114 17:05:20.159">Test execution stopped due to a fatal error.</status>
</test>
<test id="s1-s2-t4" name="Register With Enough Long But Invalid Username And Valid Password" line="26">
<tag>robot:exit</tag>
<status status="FAIL" starttime="20231114 17:05:20.161" endtime="20231114 17:05:20.161">Test execution stopped due to a fatal error.</status>
</test>
<test id="s1-s2-t5" name="Register With Valid Username And Too Short Password" line="31">
<tag>robot:exit</tag>
<status status="FAIL" starttime="20231114 17:05:20.163" endtime="20231114 17:05:20.164">Test execution stopped due to a fatal error.</status>
</test>
<test id="s1-s2-t6" name="Register With Valid Username And Long Enough Password Containing Only Letters" line="36">
<tag>robot:exit</tag>
<status status="FAIL" starttime="20231114 17:05:20.165" endtime="20231114 17:05:20.166">Test execution stopped due to a fatal error.</status>
</test>
<status status="FAIL" starttime="20231114 17:05:17.930" endtime="20231114 17:05:20.168"/>
</suite>
<status status="FAIL" starttime="20231114 15:58:20.858" endtime="20231114 17:05:20.170"/>
</suite>
<statistics>
<total>
<stat pass="0" fail="9" skip="0">All Tests</stat>
</total>
<tag>
<stat pass="0" fail="4" skip="0" info="combined" combined="NOT robot:exit">NOT robot:exit</stat>
</tag>
<suite>
<stat pass="0" fail="9" skip="0" id="s1" name="Tests">Tests</stat>
<stat pass="0" fail="3" skip="0" id="s1-s1" name="Login">Tests.Login</stat>
<stat pass="0" fail="6" skip="0" id="s1-s2" name="Register">Tests.Register</stat>
</suite>
</statistics>
<errors>
</errors>
</robot>
